0001_0026_0005_0034_0103.jpg 1 26 5 34 103
0002_0102_0030_0018_0055.jpg 1 102 30 18 55
0003_0082_0011_0020_0062.jpg 1 82 11 20 62
0004_0084_0007_0026_0079.jpg 1 84 7 26 79
0005_0091_0052_0030_0090.jpg 1 91 52 30 90
0006_0053_0058_0022_0068.jpg 1 53 58 22 68
0007_0088_0071_0011_0033.jpg 1 88 71 11 33
0008_0070_0052_0021_0063.jpg 1 70 52 21 63
0009_0031_0029_0033_0099.jpg 1 31 29 33 99
0010_0040_0057_0027_0083.jpg 1 40 57 27 83
0011_0086_0023_0029_0089.jpg 1 86 23 29 89
0012_0060_0014_0034_0102.jpg 1 60 14 34 102
0013_0041_0075_0019_0058.jpg 1 41 75 19 58
0014_0059_0063_0023_0071.jpg 1 59 63 23 71
0015_0072_0031_0014_0042.jpg 1 72 31 14 42
0016_0102_0027_0013_0040.jpg 1 102 27 13 40
0017_0023_0064_0013_0040.jpg 1 23 64 13 40
0018_0095_0027_0033_0099.jpg 1 95 27 33 99
0019_0030_0070_0011_0033.jpg 1 30 70 11 33
0020_0021_0020_0014_0043.jpg 1 21 20 14 43
0021_0081_0032_0032_0098.jpg 1 81 32 32 98
0022_0037_0017_0030_0091.jpg 1 37 17 30 91
0023_0106_0070_0021_0065.jpg 1 106 70 21 65
0024_0049_0072_0021_0063.jpg 1 49 72 21 63
0025_0039_0018_0032_0098.jpg 1 39 18 32 98
0026_0073_0024_0034_0104.jpg 1 73 24 34 104
0027_0061_0085_0016_0049.jpg 1 61 85 16 49
0028_0047_0028_0013_0040.jpg 1 47 28 13 40
0029_0021_0034_0032_0096.jpg 1 21 34 32 96
0030_0044_0026_0016_0049.jpg 1 44 26 16 49
0031_0113_0031_0018_0056.jpg 1 113 31 18 56
0032_0060_0085_0014_0043.jpg 1 60 85 14 43
0033_0101_0079_0019_0058.jpg 1 101 79 19 58
0034_0038_0008_0030_0090.jpg 1 38 8 30 90
0035_0111_0030_0025_0076.jpg 1 111 30 25 76
0036_0077_0062_0023_0070.jpg 1 77 62 23 70
0037_0105_0021_0021_0063.jpg 1 105 21 21 63
0038_0022_0052_0021_0064.jpg 1 22 52 21 64
0039_0019_0057_0024_0074.jpg 1 19 57 24 74
0040_0118_0049_0017_0052.jpg 1 118 49 17 52
0041_0060_0020_0031_0093.jpg 1 60 20 31 93
0042_0036_0053_0016_0049.jpg 1 36 53 16 49
0043_0035_0061_0025_0075.jpg 1 35 61 25 75
0044_0105_0053_0018_0054.jpg 1 105 53 18 54
0045_0017_0040_0031_0094.jpg 1 17 40 31 94
0046_0119_0097_0013_0039.jpg 1 119 97 13 39
0047_0107_0046_0029_0087.jpg 1 107 46 29 87
0048_0088_0023_0015_0046.jpg 1 88 23 15 46
0049_0074_0006_0031_0093.jpg 1 74 6 31 93
0050_0086_0057_0025_0076.jpg 1 86 57 25 76
0051_0024_0042_0028_0086.jpg 1 24 42 28 86
0052_0016_0035_0016_0050.jpg 1 16 35 16 50
0053_0062_0070_0010_0032.jpg 1 62 70 10 32
0054_0114_0047_0010_0030.jpg 1 114 47 10 30
0055_0064_0030_0011_0035.jpg 1 64 30 11 35
0056_0039_0039_0023_0070.jpg 1 39 39 23 70
0057_0037_0062_0013_0041.jpg 1 37 62 13 41
0058_0094_0056_0027_0083.jpg 1 94 56 27 83
0059_0057_0030_0025_0077.jpg 1 57 30 25 77
0060_0040_0019_0028_0084.jpg 1 40 19 28 84
0061_0101_0081_0019_0059.jpg 1 101 81 19 59
0062_0068_0068_0011_0033.jpg 1 68 68 11 33
0063_0050_0018_0026_0080.jpg 1 50 18 26 80
0064_0022_0013_0031_0094.jpg 1 22 13 31 94
0065_0059_0052_0028_0086.jpg 1 59 52 28 86
0066_0076_0067_0024_0072.jpg 1 76 67 24 72
0067_0037_0037_0026_0079.jpg 1 37 37 26 79
0068_0024_0069_0012_0037.jpg 1 24 69 12 37
0069_0047_0037_0015_0047.jpg 1 47 37 15 47
0070_0117_0074_0019_0059.jpg 1 117 74 19 59
0071_0029_0034_0029_0087.jpg 1 29 34 29 87
0072_0101_0053_0015_0046.jpg 1 101 53 15 46
0073_0073_0036_0028_0085.jpg 1 73 36 28 85
0074_0058_0060_0026_0079.jpg 1 58 60 26 79
0075_0061_0035_0026_0079.jpg 1 61 35 26 79
0076_0093_0029_0015_0045.jpg 1 93 29 15 45
0077_0100_0059_0024_0074.jpg 1 100 59 24 74
0078_0034_0031_0028_0085.jpg 1 34 31 28 85
0079_0093_0019_0020_0060.jpg 1 93 19 20 60
0080_0072_0016_0026_0078.jpg 1 72 16 26 78
0081_0107_0068_0018_0056.jpg 1 107 68 18 56
0082_0026_0008_0034_0102.jpg 1 26 8 34 102
0083_0029_0042_0022_0067.jpg 1 29 42 22 67
0084_0067_0023_0029_0088.jpg 1 67 23 29 88
0085_0072_0038_0034_0103.jpg 1 72 38 34 103
0086_0062_0022_0033_0101.jpg 1 62 22 33 101
0087_0023_0049_0023_0069.jpg 1 23 49 23 69
0088_0021_0029_0027_0081.jpg 1 21 29 27 81
0089_0023_0019_0011_0035.jpg 1 23 19 11 35
0090_0030_0023_0010_0031.jpg 1 30 23 10 31
0091_0071_0061_0025_0077.jpg 1 71 61 25 77
0092_0091_0053_0025_0076.jpg 1 91 53 25 76
0093_0100_0013_0031_0095.jpg 1 100 13 31 95
0094_0029_0062_0019_0059.jpg 1 29 62 19 59
0095_0024_0058_0015_0045.jpg 1 24 58 15 45
0096_0058_0013_0031_0095.jpg 1 58 13 31 95
0097_0073_0041_0016_0050.jpg 1 73 41 16 50
0098_0060_0064_0024_0072.jpg 1 60 64 24 72
0099_0023_0083_0012_0038.jpg 1 23 83 12 38
0100_0074_0050_0022_0066.jpg 1 74 50 22 66
0101_0071_0060_0024_0073.jpg 1 71 60 24 73
0102_0081_0034_0021_0064.jpg 1 81 34 21 64
0103_0032_0036_0021_0063.jpg 1 32 36 21 63
0104_0065_0048_0022_0067.jpg 1 65 48 22 67
0105_0045_0017_0019_0059.jpg 1 45 17 19 59
0106_0032_0016_0030_0092.jpg 1 32 16 30 92
0107_0086_0032_0027_0083.jpg 1 86 32 27 83
0108_0048_0024_0023_0069.jpg 1 48 24 23 69
0109_0098_0036_0023_0070.jpg 1 98 36 23 70
0110_0080_0036_0027_0082.jpg 1 80 36 27 82
0111_0028_0029_0025_0075.jpg 1 28 29 25 75
0112_0069_0012_0025_0075.jpg 1 69 12 25 75
0113_0116_0063_0016_0049.jpg 1 116 63 16 49
0114_0103_0050_0031_0093.jpg 1 103 50 31 93
0115_0030_0014_0030_0091.jpg 1 30 14 30 91
0116_0118_0020_0017_0052.jpg 1 118 20 17 52
0117_0056_0043_0016_0049.jpg 1 56 43 16 49
0118_0015_0017_0024_0074.jpg 1 15 17 24 74
0119_0023_0040_0017_0051.jpg 1 23 40 17 51
0120_0092_0093_0015_0046.jpg 1 92 93 15 46
0121_0059_0022_0023_0070.jpg 1 59 22 23 70
0122_0023_0052_0027_0082.jpg 1 23 52 27 82
0123_0108_0099_0012_0036.jpg 1 108 99 12 36
0124_0013_0018_0034_0102.jpg 1 13 18 34 102
0125_0021_0080_0010_0030.jpg 1 21 80 10 30
0126_0090_0063_0024_0074.jpg 1 90 63 24 74
0127_0071_0005_0034_0102.jpg 1 71 5 34 102
0128_0076_0087_0015_0046.jpg 1 76 87 15 46
0129_0091_0062_0023_0069.jpg 1 91 62 23 69
0130_0070_0050_0031_0093.jpg 1 70 50 31 93
0131_0043_0007_0031_0095.jpg 1 43 7 31 95
0132_0035_0041_0031_0094.jpg 1 35 41 31 94
0133_0068_0082_0011_0033.jpg 1 68 82 11 33
0134_0041_0046_0024_0072.jpg 1 41 46 24 72
0135_0039_0069_0017_0053.jpg 1 39 69 17 53
0136_0079_0015_0022_0068.jpg 1 79 15 22 68
0137_0017_0022_0024_0072.jpg 1 17 22 24 72
0138_0066_0096_0012_0038.jpg 1 66 96 12 38
0139_0089_0067_0022_0066.jpg 1 89 67 22 66
0140_0052_0065_0024_0072.jpg 1 52 65 24 72
0141_0077_0061_0020_0060.jpg 1 77 61 20 60
0142_0101_0050_0030_0090.jpg 1 101 50 30 90
0143_0058_0088_0013_0039.jpg 1 58 88 13 39
0144_0038_0054_0010_0031.jpg 1 38 54 10 31
0145_0049_0034_0034_0103.jpg 1 49 34 34 103
0146_0057_0018_0030_0091.jpg 1 57 18 30 91
0147_0086_0046_0025_0077.jpg 1 86 46 25 77
0148_0111_0079_0019_0057.jpg 1 111 79 19 57
0149_0055_0053_0016_0049.jpg 1 55 53 16 49
0150_0024_0038_0032_0097.jpg 1 24 38 32 97
0151_0017_0062_0025_0077.jpg 1 17 62 25 77
0152_0100_0027_0029_0087.jpg 1 100 27 29 87
0153_0062_0052_0026_0079.jpg 1 62 52 26 79
0154_0040_0016_0030_0092.jpg 1 40 16 30 92
0155_0044_0048_0031_0095.jpg 1 44 48 31 95
0156_0028_0008_0023_0069.jpg 1 28 8 23 69
0157_0094_0029_0027_0083.jpg 1 94 29 27 83
0158_0102_0009_0022_0067.jpg 1 102 9 22 67
0159_0089_0033_0018_0054.jpg 1 89 33 18 54
0160_0048_0023_0012_0037.jpg 1 48 23 12 37
0161_0085_0010_0027_0082.jpg 1 85 10 27 82
0162_0114_0040_0015_0047.jpg 1 114 40 15 47
0163_0013_0047_0023_0069.jpg 1 13 47 23 69
0164_0102_0034_0018_0056.jpg 1 102 34 18 56
0165_0017_0060_0026_0079.jpg 1 17 60 26 79
0166_0031_0011_0033_0099.jpg 1 31 11 33 99
0167_0027_0096_0012_0037.jpg 1 27 96 12 37
0168_0100_0056_0019_0059.jpg 1 100 56 19 59
0169_0093_0054_0022_0068.jpg 1 93 54 22 68
0170_0120_0076_0011_0035.jpg 1 120 76 11 35
0171_0021_0045_0023_0069.jpg 1 21 45 23 69
0172_0039_0060_0026_0079.jpg 1 39 60 26 79
0173_0036_0058_0028_0084.jpg 1 36 58 28 84
0174_0040_0007_0034_0104.jpg 1 40 7 34 104
0175_0042_0043_0033_0099.jpg 1 42 43 33 99
0176_0088_0031_0028_0084.jpg 1 88 31 28 84
0177_0066_0007_0034_0103.jpg 1 66 7 34 103
0178_0117_0049_0011_0035.jpg 1 117 49 11 35
0179_0073_0026_0012_0038.jpg 1 73 26 12 38
0180_0053_0029_0025_0076.jpg 1 53 29 25 76
0181_0014_0038_0018_0054.jpg 1 14 38 18 54
0182_0095_0014_0011_0035.jpg 1 95 14 11 35
0183_0022_0029_0018_0056.jpg 1 22 29 18 56
0184_0015_0058_0011_0034.jpg 1 15 58 11 34
0185_0026_0033_0011_0035.jpg 1 26 33 11 35
0186_0034_0047_0031_0093.jpg 1 34 47 31 93
0187_0037_0047_0020_0062.jpg 1 37 47 20 62
0188_0044_0034_0022_0068.jpg 1 44 34 22 68
0189_0079_0030_0018_0055.jpg 1 79 30 18 55
0190_0099_0064_0014_0042.jpg 1 99 64 14 42
0191_0017_0037_0030_0092.jpg 1 17 37 30 92
0192_0044_0030_0025_0075.jpg 1 44 30 25 75
0193_0108_0065_0015_0046.jpg 1 108 65 15 46
0194_0091_0078_0011_0035.jpg 1 91 78 11 35
0195_0099_0032_0028_0086.jpg 1 99 32 28 86
0196_0088_0056_0017_0053.jpg 1 88 56 17 53
0197_0094_0039_0028_0085.jpg 1 94 39 28 85
0198_0067_0086_0011_0034.jpg 1 67 86 11 34
0199_0079_0051_0029_0087.jpg 1 79 51 29 87
0200_0042_0012_0028_0084.jpg 1 42 12 28 84
0201_0043_0026_0021_0065.jpg 1 43 26 21 65
0202_0012_0026_0030_0091.jpg 1 12 26 30 91
0203_0021_0092_0010_0031.jpg 1 21 92 10 31
0204_0078_0055_0028_0086.jpg 1 78 55 28 86
0205_0105_0058_0020_0060.jpg 1 105 58 20 60
0206_0029_0012_0018_0054.jpg 1 29 12 18 54
0207_0053_0068_0021_0063.jpg 1 53 68 21 63
0208_0029_0032_0031_0093.jpg 1 29 32 31 93
0209_0077_0018_0026_0079.jpg 1 77 18 26 79
0210_0051_0040_0015_0047.jpg 1 51 40 15 47
0211_0050_0045_0014_0044.jpg 1 50 45 14 44
0212_0075_0061_0014_0044.jpg 1 75 61 14 44
0213_0093_0052_0019_0057.jpg 1 93 52 19 57
0214_0029_0008_0032_0097.jpg 1 29 8 32 97
0215_0094_0037_0034_0103.jpg 1 94 37 34 103
0216_0097_0075_0018_0056.jpg 1 97 75 18 56
0217_0121_0101_0010_0030.jpg 1 121 101 10 30
0218_0067_0036_0015_0047.jpg 1 67 36 15 47
0219_0097_0091_0010_0032.jpg 1 97 91 10 32
0220_0084_0061_0016_0050.jpg 1 84 61 16 50
0221_0112_0049_0012_0036.jpg 1 112 49 12 36
0222_0055_0039_0018_0055.jpg 1 55 39 18 55
0223_0055_0038_0013_0040.jpg 1 55 38 13 40
0224_0117_0053_0010_0030.jpg 1 117 53 10 30
0225_0060_0021_0033_0099.jpg 1 60 21 33 99
0226_0090_0081_0017_0052.jpg 1 90 81 17 52
0227_0041_0017_0022_0067.jpg 1 41 17 22 67
0228_0035_0014_0034_0103.jpg 1 35 14 34 103
0229_0074_0037_0010_0031.jpg 1 74 37 10 31
0230_0069_0095_0010_0031.jpg 1 69 95 10 31
0231_0065_0021_0033_0101.jpg 1 65 21 33 101
0232_0053_0043_0017_0052.jpg 1 53 43 17 52
0233_0112_0029_0017_0052.jpg 1 112 29 17 52
0234_0102_0026_0010_0032.jpg 1 102 26 10 32
0235_0087_0042_0030_0092.jpg 1 87 42 30 92
0236_0017_0049_0031_0094.jpg 1 17 49 31 94
0237_0038_0030_0016_0048.jpg 1 38 30 16 48
0238_0093_0031_0018_0055.jpg 1 93 31 18 55
0239_0046_0046_0020_0060.jpg 1 46 46 20 60
0240_0033_0039_0029_0088.jpg 1 33 39 29 88
0241_0020_0038_0029_0087.jpg 1 20 38 29 87
0242_0054_0055_0027_0081.jpg 1 54 55 27 81
0243_0097_0045_0018_0054.jpg 1 97 45 18 54
0244_0025_0016_0019_0058.jpg 1 25 16 19 58
0245_0029_0042_0015_0047.jpg 1 29 42 15 47
0246_0022_0027_0015_0047.jpg 1 22 27 15 47
0247_0066_0017_0034_0103.jpg 1 66 17 34 103
0248_0076_0030_0023_0071.jpg 1 76 30 23 71
0249_0019_0026_0033_0101.jpg 1 19 26 33 101
0250_0078_0063_0024_0072.jpg 1 78 63 24 72
0251_0062_0056_0022_0066.jpg 1 62 56 22 66
0252_0110_0055_0027_0083.jpg 1 110 55 27 83
0253_0081_0009_0032_0097.jpg 1 81 9 32 97
0254_0050_0083_0010_0032.jpg 1 50 83 10 32
0255_0080_0037_0024_0074.jpg 1 80 37 24 74
0256_0034_0057_0013_0039.jpg 1 34 57 13 39
0257_0085_0053_0023_0069.jpg 1 85 53 23 69
0258_0109_0048_0025_0077.jpg 1 109 48 25 77
0259_0058_0021_0012_0036.jpg 1 58 21 12 36
0260_0090_0043_0028_0085.jpg 1 90 43 28 85
0261_0038_0073_0015_0047.jpg 1 38 73 15 47
0262_0021_0057_0028_0084.jpg 1 21 57 28 84
0263_0092_0040_0026_0079.jpg 1 92 40 26 79
0264_0097_0034_0024_0072.jpg 1 97 34 24 72
0265_0104_0028_0016_0048.jpg 1 104 28 16 48
0266_0113_0071_0022_0066.jpg 1 113 71 22 66
0267_0058_0042_0016_0048.jpg 1 58 42 16 48
0268_0096_0073_0022_0066.jpg 1 96 73 22 66
0269_0019_0020_0022_0066.jpg 1 19 20 22 66
0270_0117_0044_0012_0038.jpg 1 117 44 12 38
0271_0020_0018_0021_0064.jpg 1 20 18 21 64
0272_0113_0014_0017_0053.jpg 1 113 14 17 53
0273_0108_0079_0013_0040.jpg 1 108 79 13 40
0274_0019_0032_0021_0065.jpg 1 19 32 21 65
0275_0092_0027_0034_0103.jpg 1 92 27 34 103
0276_0087_0015_0028_0086.jpg 1 87 15 28 86
0277_0032_0050_0030_0092.jpg 1 32 50 30 92
0278_0021_0064_0019_0059.jpg 1 21 64 19 59
0279_0027_0023_0026_0079.jpg 1 27 23 26 79
0280_0087_0031_0010_0030.jpg 1 87 31 10 30
0281_0089_0044_0030_0091.jpg 1 89 44 30 91
0282_0065_0054_0022_0067.jpg 1 65 54 22 67
0283_0074_0055_0029_0088.jpg 1 74 55 29 88
0284_0070_0032_0019_0059.jpg 1 70 32 19 59
0285_0072_0083_0018_0056.jpg 1 72 83 18 56
0286_0052_0020_0015_0047.jpg 1 52 20 15 47
0287_0017_0008_0029_0089.jpg 1 17 8 29 89
0288_0044_0046_0028_0084.jpg 1 44 46 28 84
0289_0023_0044_0024_0072.jpg 1 23 44 24 72
0290_0048_0068_0023_0069.jpg 1 48 68 23 69
0291_0071_0006_0030_0091.jpg 1 71 6 30 91
0292_0016_0021_0020_0061.jpg 1 16 21 20 61
0293_0059_0035_0030_0091.jpg 1 59 35 30 91
0294_0100_0029_0025_0076.jpg 1 100 29 25 76
0295_0051_0024_0025_0075.jpg 1 51 24 25 75
0296_0102_0048_0030_0090.jpg 1 102 48 30 90
0297_0030_0049_0020_0062.jpg 1 30 49 20 62
0298_0079_0005_0033_0100.jpg 1 79 5 33 100
0299_0072_0023_0022_0066.jpg 1 72 23 22 66
0300_0032_0020_0011_0034.jpg 1 32 20 11 34
0301_0110_0048_0012_0038.jpg 1 110 48 12 38
0302_0106_0057_0022_0068.jpg 1 106 57 22 68
0303_0053_0023_0016_0049.jpg 1 53 23 16 49
0304_0085_0019_0032_0096.jpg 1 85 19 32 96
0305_0032_0059_0025_0077.jpg 1 32 59 25 77
0306_0015_0025_0031_0094.jpg 1 15 25 31 94
0307_0055_0030_0033_0100.jpg 1 55 30 33 100
0308_0074_0059_0017_0052.jpg 1 74 59 17 52
0309_0025_0056_0025_0075.jpg 1 25 56 25 75
0310_0112_0011_0014_0044.jpg 1 112 11 14 44
0311_0039_0032_0030_0091.jpg 1 39 32 30 91
0312_0049_0070_0017_0051.jpg 1 49 70 17 51
0313_0112_0048_0019_0059.jpg 1 112 48 19 59
0314_0095_0022_0025_0075.jpg 1 95 22 25 75
0315_0125_0060_0010_0032.jpg 1 125 60 10 32
0316_0034_0028_0017_0051.jpg 1 34 28 17 51
0317_0089_0062_0022_0068.jpg 1 89 62 22 68
0318_0098_0018_0010_0030.jpg 1 98 18 10 30
0319_0015_0073_0022_0068.jpg 1 15 73 22 68
0320_0091_0023_0019_0057.jpg 1 91 23 19 57
0321_0045_0063_0011_0034.jpg 1 45 63 11 34
0322_0033_0065_0020_0060.jpg 1 33 65 20 60
0323_0061_0055_0021_0063.jpg 1 61 55 21 63
0324_0030_0043_0013_0041.jpg 1 30 43 13 41
0325_0053_0034_0033_0101.jpg 1 53 34 33 101
0326_0074_0042_0034_0102.jpg 1 74 42 34 102
0327_0075_0020_0029_0088.jpg 1 75 20 29 88
0328_0033_0019_0024_0073.jpg 1 33 19 24 73
0329_0100_0040_0014_0042.jpg 1 100 40 14 42
0330_0028_0010_0017_0053.jpg 1 28 10 17 53
0331_0075_0008_0032_0096.jpg 1 75 8 32 96
0332_0097_0013_0033_0101.jpg 1 97 13 33 101
0333_0040_0049_0022_0068.jpg 1 40 49 22 68
0334_0080_0040_0031_0095.jpg 1 80 40 31 95
0335_0057_0051_0029_0089.jpg 1 57 51 29 89
0336_0068_0025_0022_0066.jpg 1 68 25 22 66
0337_0109_0054_0027_0082.jpg 1 109 54 27 82
0338_0049_0033_0027_0082.jpg 1 49 33 27 82
0339_0045_0091_0016_0048.jpg 1 45 91 16 48
0340_0099_0019_0024_0073.jpg 1 99 19 24 73
0341_0046_0024_0025_0077.jpg 1 46 24 25 77
0342_0056_0066_0010_0032.jpg 1 56 66 10 32
0343_0125_0023_0010_0031.jpg 1 125 23 10 31
0344_0069_0040_0013_0039.jpg 1 69 40 13 39
0345_0083_0048_0027_0082.jpg 1 83 48 27 82
0346_0034_0086_0010_0030.jpg 1 34 86 10 30
0347_0022_0068_0022_0068.jpg 1 22 68 22 68
0348_0074_0033_0021_0064.jpg 1 74 33 21 64
0349_0017_0091_0010_0030.jpg 1 17 91 10 30
0350_0044_0030_0021_0063.jpg 1 44 30 21 63
0351_0081_0029_0030_0092.jpg 1 81 29 30 92
0352_0043_0079_0016_0049.jpg 1 43 79 16 49
0353_0045_0039_0021_0063.jpg 1 45 39 21 63
0354_0084_0059_0026_0078.jpg 1 84 59 26 78
0355_0048_0023_0028_0084.jpg 1 48 23 28 84
0356_0011_0008_0033_0101.jpg 1 11 8 33 101
0357_0015_0065_0015_0047.jpg 1 15 65 15 47
0358_0108_0011_0017_0051.jpg 1 108 11 17 51
0359_0085_0044_0012_0036.jpg 1 85 44 12 36
0360_0096_0040_0034_0103.jpg 1 96 40 34 103
0361_0119_0078_0012_0037.jpg 1 119 78 12 37
0362_0108_0037_0026_0080.jpg 1 108 37 26 80
0363_0012_0028_0027_0083.jpg 1 12 28 27 83
0364_0048_0046_0012_0038.jpg 1 48 46 12 38
0365_0082_0059_0016_0048.jpg 1 82 59 16 48
0366_0090_0031_0029_0087.jpg 1 90 31 29 87
0367_0051_0020_0017_0052.jpg 1 51 20 17 52
0368_0117_0072_0010_0031.jpg 1 117 72 10 31
0369_0085_0035_0030_0092.jpg 1 85 35 30 92
0370_0033_0081_0019_0057.jpg 1 33 81 19 57
0371_0095_0017_0021_0064.jpg 1 95 17 21 64
0372_0050_0069_0021_0063.jpg 1 50 69 21 63
0373_0078_0040_0021_0063.jpg 1 78 40 21 63
0374_0033_0005_0033_0100.jpg 1 33 5 33 100
0375_0057_0079_0016_0049.jpg 1 57 79 16 49
0376_0034_0065_0016_0048.jpg 1 34 65 16 48
0377_0076_0041_0029_0088.jpg 1 76 41 29 88
0378_0078_0015_0031_0094.jpg 1 78 15 31 94
0379_0053_0075_0011_0035.jpg 1 53 75 11 35
0380_0021_0030_0013_0041.jpg 1 21 30 13 41
0381_0034_0027_0016_0048.jpg 1 34 27 16 48
0382_0061_0047_0021_0064.jpg 1 61 47 21 64
0383_0064_0045_0016_0050.jpg 1 64 45 16 50
0384_0085_0054_0016_0048.jpg 1 85 54 16 48
0385_0107_0065_0021_0065.jpg 1 107 65 21 65
0386_0012_0025_0034_0103.jpg 1 12 25 34 103
0387_0055_0036_0019_0058.jpg 1 55 36 19 58
0388_0078_0053_0029_0088.jpg 1 78 53 29 88
0389_0057_0026_0022_0066.jpg 1 57 26 22 66
0390_0088_0040_0031_0095.jpg 1 88 40 31 95
0391_0069_0020_0025_0075.jpg 1 69 20 25 75
0392_0018_0008_0031_0093.jpg 1 18 8 31 93
0393_0110_0051_0014_0044.jpg 1 110 51 14 44
0394_0114_0038_0013_0041.jpg 1 114 38 13 41
0395_0061_0032_0032_0097.jpg 1 61 32 32 97
0396_0080_0057_0028_0085.jpg 1 80 57 28 85
0397_0044_0026_0021_0064.jpg 1 44 26 21 64
0398_0114_0073_0018_0054.jpg 1 114 73 18 54
0399_0108_0019_0020_0061.jpg 1 108 19 20 61
0400_0095_0014_0020_0061.jpg 1 95 14 20 61
0401_0058_0080_0014_0042.jpg 1 58 80 14 42
0402_0076_0053_0023_0069.jpg 1 76 53 23 69
0403_0026_0057_0026_0080.jpg 1 26 57 26 80
0404_0116_0060_0018_0056.jpg 1 116 60 18 56
0405_0072_0021_0021_0064.jpg 1 72 21 21 64
0406_0069_0027_0022_0068.jpg 1 69 27 22 68
0407_0037_0049_0024_0073.jpg 1 37 49 24 73
0408_0064_0057_0013_0040.jpg 1 64 57 13 40
0409_0019_0065_0016_0049.jpg 1 19 65 16 49
0410_0092_0023_0022_0066.jpg 1 92 23 22 66
0411_0075_0031_0028_0084.jpg 1 75 31 28 84
0412_0086_0030_0017_0051.jpg 1 86 30 17 51
0413_0093_0017_0028_0086.jpg 1 93 17 28 86
0414_0101_0006_0029_0088.jpg 1 101 6 29 88
0415_0094_0037_0034_0104.jpg 1 94 37 34 104
0416_0019_0022_0010_0031.jpg 1 19 22 10 31
0417_0064_0082_0013_0041.jpg 1 64 82 13 41
0418_0059_0038_0023_0071.jpg 1 59 38 23 71
0419_0099_0050_0027_0083.jpg 1 99 50 27 83
0420_0023_0021_0023_0069.jpg 1 23 21 23 69
0421_0067_0054_0025_0075.jpg 1 67 54 25 75
0422_0056_0014_0033_0100.jpg 1 56 14 33 100
0423_0105_0010_0027_0082.jpg 1 105 10 27 82
0424_0090_0021_0013_0040.jpg 1 90 21 13 40
0425_0017_0007_0034_0104.jpg 1 17 7 34 104
0426_0016_0036_0024_0073.jpg 1 16 36 24 73
0427_0096_0055_0022_0066.jpg 1 96 55 22 66
0428_0092_0022_0015_0046.jpg 1 92 22 15 46
0429_0083_0038_0019_0059.jpg 1 83 38 19 59
0430_0093_0065_0012_0038.jpg 1 93 65 12 38
0431_0012_0009_0031_0095.jpg 1 12 9 31 95
0432_0070_0011_0033_0099.jpg 1 70 11 33 99
0433_0108_0034_0028_0084.jpg 1 108 34 28 84
0434_0060_0059_0011_0033.jpg 1 60 59 11 33
0435_0087_0041_0010_0031.jpg 1 87 41 10 31
0436_0057_0037_0018_0054.jpg 1 57 37 18 54
0437_0046_0059_0012_0037.jpg 1 46 59 12 37
0438_0013_0034_0032_0098.jpg 1 13 34 32 98
0439_0032_0051_0011_0035.jpg 1 32 51 11 35
0440_0046_0009_0025_0077.jpg 1 46 9 25 77
0441_0078_0020_0034_0102.jpg 1 78 20 34 102
0442_0097_0024_0030_0092.jpg 1 97 24 30 92
0443_0055_0044_0021_0063.jpg 1 55 44 21 63
0444_0067_0096_0010_0032.jpg 1 67 96 10 32
0445_0065_0032_0033_0100.jpg 1 65 32 33 100
0446_0026_0050_0024_0072.jpg 1 26 50 24 72
0447_0064_0016_0011_0033.jpg 1 64 16 11 33
0448_0023_0025_0012_0036.jpg 1 23 25 12 36
0449_0057_0067_0018_0056.jpg 1 57 67 18 56
0450_0092_0043_0014_0044.jpg 1 92 43 14 44
0451_0087_0081_0013_0041.jpg 1 87 81 13 41
0452_0015_0028_0017_0052.jpg 1 15 28 17 52
0453_0018_0043_0032_0096.jpg 1 18 43 32 96
0454_0119_0055_0016_0049.jpg 1 119 55 16 49
0455_0093_0037_0031_0095.jpg 1 93 37 31 95
0456_0084_0031_0024_0073.jpg 1 84 31 24 73
0457_0099_0045_0022_0068.jpg 1 99 45 22 68
0458_0072_0015_0024_0074.jpg 1 72 15 24 74
0459_0034_0012_0012_0036.jpg 1 34 12 12 36
0460_0083_0041_0028_0086.jpg 1 83 41 28 86
0461_0032_0039_0032_0097.jpg 1 32 39 32 97
0462_0089_0034_0019_0057.jpg 1 89 34 19 57
0463_0103_0028_0021_0063.jpg 1 103 28 21 63
0464_0079_0035_0031_0095.jpg 1 79 35 31 95
0465_0072_0071_0015_0046.jpg 1 72 71 15 46
0466_0087_0041_0020_0061.jpg 1 87 41 20 61
0467_0042_0014_0026_0078.jpg 1 42 14 26 78
0468_0120_0010_0016_0048.jpg 1 120 10 16 48
0469_0047_0050_0019_0059.jpg 1 47 50 19 59
0470_0112_0049_0018_0054.jpg 1 112 49 18 54
0471_0091_0057_0023_0070.jpg 1 91 57 23 70
0472_0026_0078_0018_0055.jpg 1 26 78 18 55
0473_0090_0034_0017_0052.jpg 1 90 34 17 52
0474_0092_0080_0018_0054.jpg 1 92 80 18 54
0475_0084_0050_0013_0040.jpg 1 84 50 13 40
0476_0097_0065_0025_0076.jpg 1 97 65 25 76
0477_0059_0012_0032_0096.jpg 1 59 12 32 96
0478_0040_0045_0025_0075.jpg 1 40 45 25 75
0479_0044_0031_0012_0038.jpg 1 44 31 12 38
0480_0025_0056_0013_0041.jpg 1 25 56 13 41
0481_0090_0030_0021_0065.jpg 1 90 30 21 65
0482_0078_0061_0011_0035.jpg 1 78 61 11 35
0483_0048_0042_0022_0068.jpg 1 48 42 22 68
0484_0021_0056_0020_0061.jpg 1 21 56 20 61
0485_0061_0028_0014_0043.jpg 1 61 28 14 43
0486_0022_0005_0032_0097.jpg 1 22 5 32 97
0487_0081_0022_0028_0086.jpg 1 81 22 28 86
0488_0069_0025_0022_0068.jpg 1 69 25 22 68
0489_0073_0063_0017_0051.jpg 1 73 63 17 51
0490_0087_0037_0033_0099.jpg 1 87 37 33 99
0491_0050_0019_0021_0065.jpg 1 50 19 21 65
0492_0099_0019_0012_0036.jpg 1 99 19 12 36
0493_0083_0057_0020_0061.jpg 1 83 57 20 61
0494_0041_0015_0021_0064.jpg 1 41 15 21 64
0495_0087_0026_0017_0052.jpg 1 87 26 17 52
0496_0078_0052_0019_0059.jpg 1 78 52 19 59
0497_0041_0021_0020_0062.jpg 1 41 21 20 62
0498_0040_0028_0029_0087.jpg 1 40 28 29 87
0499_0092_0062_0023_0070.jpg 1 92 62 23 70
0500_0034_0021_0017_0051.jpg 1 34 21 17 51
0501_0041_0022_0031_0095.jpg 1 41 22 31 95
0502_0113_0016_0014_0043.jpg 1 113 16 14 43
0503_0101_0022_0032_0096.jpg 1 101 22 32 96
0504_0025_0039_0024_0074.jpg 1 25 39 24 74
0505_0072_0047_0020_0062.jpg 1 72 47 20 62
0506_0067_0052_0020_0060.jpg 1 67 52 20 60
0507_0066_0069_0022_0067.jpg 1 66 69 22 67
0508_0061_0012_0015_0045.jpg 1 61 12 15 45
0509_0031_0040_0021_0065.jpg 1 31 40 21 65
0510_0036_0065_0010_0031.jpg 1 36 65 10 31
0511_0094_0050_0031_0093.jpg 1 94 50 31 93
0512_0072_0024_0033_0100.jpg 1 72 24 33 100
0513_0073_0027_0017_0051.jpg 1 73 27 17 51
0514_0064_0038_0022_0067.jpg 1 64 38 22 67
0515_0015_0022_0015_0045.jpg 1 15 22 15 45
0516_0109_0050_0018_0055.jpg 1 109 50 18 55
0517_0035_0017_0034_0103.jpg 1 35 17 34 103
0518_0034_0009_0019_0059.jpg 1 34 9 19 59
0519_0079_0033_0033_0099.jpg 1 79 33 33 99
0520_0025_0038_0026_0080.jpg 1 25 38 26 80
0521_0024_0033_0015_0045.jpg 1 24 33 15 45
0522_0068_0070_0014_0042.jpg 1 68 70 14 42
0523_0051_0035_0032_0096.jpg 1 51 35 32 96
0524_0026_0023_0029_0088.jpg 1 26 23 29 88
0525_0068_0067_0021_0063.jpg 1 68 67 21 63
0526_0074_0068_0011_0033.jpg 1 74 68 11 33
0527_0049_0079_0018_0055.jpg 1 49 79 18 55
0528_0079_0082_0010_0030.jpg 1 79 82 10 30
0529_0026_0044_0012_0037.jpg 1 26 44 12 37
0530_0054_0037_0017_0051.jpg 1 54 37 17 51
0531_0086_0065_0024_0072.jpg 1 86 65 24 72
0532_0095_0065_0014_0044.jpg 1 95 65 14 44
0533_0111_0069_0012_0038.jpg 1 111 69 12 38
0534_0013_0072_0018_0056.jpg 1 13 72 18 56
0535_0065_0034_0028_0086.jpg 1 65 34 28 86
0536_0025_0084_0014_0043.jpg 1 25 84 14 43
0537_0023_0040_0028_0084.jpg 1 23 40 28 84
0538_0091_0017_0030_0090.jpg 1 91 17 30 90
0539_0118_0055_0015_0045.jpg 1 118 55 15 45
0540_0056_0056_0026_0079.jpg 1 56 56 26 79
0541_0020_0067_0018_0054.jpg 1 20 67 18 54
0542_0022_0039_0034_0102.jpg 1 22 39 34 102
0543_0016_0009_0032_0098.jpg 1 16 9 32 98
0544_0100_0073_0010_0032.jpg 1 100 73 10 32
0545_0031_0060_0011_0034.jpg 1 31 60 11 34
0546_0032_0099_0010_0032.jpg 1 32 99 10 32
0547_0079_0071_0012_0037.jpg 1 79 71 12 37
0548_0041_0020_0032_0098.jpg 1 41 20 32 98
0549_0079_0101_0011_0034.jpg 1 79 101 11 34
0550_0034_0034_0029_0088.jpg 1 34 34 29 88
0551_0017_0011_0031_0094.jpg 1 17 11 31 94
0552_0079_0006_0032_0097.jpg 1 79 6 32 97
0553_0072_0012_0027_0082.jpg 1 72 12 27 82
0554_0022_0039_0014_0042.jpg 1 22 39 14 42
0555_0095_0013_0010_0032.jpg 1 95 13 10 32
0556_0067_0027_0029_0089.jpg 1 67 27 29 89
0557_0070_0019_0032_0096.jpg 1 70 19 32 96
0558_0067_0039_0019_0059.jpg 1 67 39 19 59
0559_0028_0038_0026_0080.jpg 1 28 38 26 80
0560_0087_0018_0015_0046.jpg 1 87 18 15 46
0561_0103_0046_0027_0083.jpg 1 103 46 27 83
0562_0030_0011_0032_0098.jpg 1 30 11 32 98
0563_0046_0042_0019_0057.jpg 1 46 42 19 57
0564_0029_0022_0013_0041.jpg 1 29 22 13 41
0565_0087_0076_0021_0064.jpg 1 87 76 21 64
0566_0016_0046_0020_0062.jpg 1 16 46 20 62
0567_0040_0033_0015_0045.jpg 1 40 33 15 45
0568_0059_0092_0014_0043.jpg 1 59 92 14 43
0569_0071_0035_0023_0069.jpg 1 71 35 23 69
0570_0014_0042_0031_0093.jpg 1 14 42 31 93
0571_0046_0088_0014_0042.jpg 1 46 88 14 42
0572_0092_0038_0029_0087.jpg 1 92 38 29 87
0573_0013_0048_0018_0056.jpg 1 13 48 18 56
0574_0087_0037_0032_0096.jpg 1 87 37 32 96
0575_0092_0024_0022_0067.jpg 1 92 24 22 67
0576_0088_0031_0015_0045.jpg 1 88 31 15 45
0577_0091_0032_0019_0058.jpg 1 91 32 19 58
0578_0074_0086_0012_0036.jpg 1 74 86 12 36
0579_0042_0047_0026_0079.jpg 1 42 47 26 79
0580_0093_0033_0016_0050.jpg 1 93 33 16 50
0581_0087_0012_0013_0039.jpg 1 87 12 13 39
0582_0093_0097_0011_0034.jpg 1 93 97 11 34
0583_0061_0005_0031_0095.jpg 1 61 5 31 95
0584_0039_0025_0033_0099.jpg 1 39 25 33 99
0585_0037_0045_0021_0064.jpg 1 37 45 21 64
0586_0095_0033_0031_0093.jpg 1 95 33 31 93
0587_0047_0089_0015_0045.jpg 1 47 89 15 45
0588_0044_0044_0014_0043.jpg 1 44 44 14 43
0589_0040_0034_0017_0051.jpg 1 40 34 17 51
0590_0058_0032_0011_0033.jpg 1 58 32 11 33
0591_0109_0008_0024_0074.jpg 1 109 8 24 74
0592_0016_0006_0032_0098.jpg 1 16 6 32 98
0593_0092_0049_0024_0072.jpg 1 92 49 24 72
0594_0102_0056_0012_0036.jpg 1 102 56 12 36
0595_0060_0034_0028_0086.jpg 1 60 34 28 86
0596_0019_0046_0017_0053.jpg 1 19 46 17 53
0597_0081_0038_0026_0079.jpg 1 81 38 26 79
0598_0102_0025_0019_0058.jpg 1 102 25 19 58
0599_0043_0013_0031_0093.jpg 1 43 13 31 93
0600_0032_0049_0028_0086.jpg 1 32 49 28 86
0601_0064_0024_0031_0093.jpg 1 64 24 31 93
0602_0076_0043_0033_0099.jpg 1 76 43 33 99
0603_0050_0013_0027_0081.jpg 1 50 13 27 81
0604_0114_0050_0019_0058.jpg 1 114 50 19 58
0605_0024_0012_0010_0031.jpg 1 24 12 10 31
0606_0103_0084_0010_0030.jpg 1 103 84 10 30
0607_0018_0092_0012_0037.jpg 1 18 92 12 37
0608_0099_0016_0033_0101.jpg 1 99 16 33 101
0609_0071_0034_0026_0079.jpg 1 71 34 26 79
0610_0021_0032_0020_0062.jpg 1 21 32 20 62
0611_0066_0009_0021_0065.jpg 1 66 9 21 65
0612_0076_0035_0032_0096.jpg 1 76 35 32 96
0613_0118_0051_0015_0045.jpg 1 118 51 15 45
0614_0099_0061_0025_0077.jpg 1 99 61 25 77
0615_0102_0020_0012_0038.jpg 1 102 20 12 38
0616_0056_0054_0029_0087.jpg 1 56 54 29 87
0617_0023_0083_0017_0051.jpg 1 23 83 17 51
0618_0111_0023_0024_0073.jpg 1 111 23 24 73
0619_0093_0081_0014_0044.jpg 1 93 81 14 44
0620_0066_0054_0027_0081.jpg 1 66 54 27 81
0621_0048_0070_0023_0071.jpg 1 48 70 23 71
0622_0015_0005_0032_0098.jpg 1 15 5 32 98
0623_0067_0018_0032_0096.jpg 1 67 18 32 96
0624_0013_0074_0019_0058.jpg 1 13 74 19 58
0625_0064_0072_0018_0055.jpg 1 64 72 18 55
0626_0079_0047_0031_0093.jpg 1 79 47 31 93
0627_0073_0053_0026_0079.jpg 1 73 53 26 79
0628_0027_0050_0031_0094.jpg 1 27 50 31 94
0629_0029_0054_0025_0075.jpg 1 29 54 25 75
0630_0059_0051_0023_0069.jpg 1 59 51 23 69
0631_0076_0035_0033_0099.jpg 1 76 35 33 99
0632_0077_0102_0010_0031.jpg 1 77 102 10 31
0633_0061_0065_0013_0041.jpg 1 61 65 13 41
0634_0103_0085_0015_0045.jpg 1 103 85 15 45
0635_0025_0035_0019_0059.jpg 1 25 35 19 59
0636_0055_0086_0011_0035.jpg 1 55 86 11 35
0637_0069_0071_0010_0030.jpg 1 69 71 10 30
0638_0044_0015_0028_0086.jpg 1 44 15 28 86
0639_0110_0011_0020_0060.jpg 1 110 11 20 60
0640_0099_0034_0030_0092.jpg 1 99 34 30 92
0641_0053_0028_0028_0086.jpg 1 53 28 28 86
0642_0073_0061_0017_0053.jpg 1 73 61 17 53
0643_0092_0013_0031_0095.jpg 1 92 13 31 95
0644_0071_0066_0018_0055.jpg 1 71 66 18 55
0645_0055_0010_0034_0102.jpg 1 55 10 34 102
0646_0072_0020_0029_0089.jpg 1 72 20 29 89
0647_0091_0091_0016_0048.jpg 1 91 91 16 48
0648_0049_0036_0024_0072.jpg 1 49 36 24 72
0649_0057_0029_0026_0079.jpg 1 57 29 26 79
0650_0090_0032_0034_0103.jpg 1 90 32 34 103
0651_0104_0014_0030_0091.jpg 1 104 14 30 91
0652_0065_0011_0022_0068.jpg 1 65 11 22 68
0653_0054_0036_0023_0069.jpg 1 54 36 23 69
0654_0072_0014_0028_0085.jpg 1 72 14 28 85
0655_0049_0015_0028_0085.jpg 1 49 15 28 85
0656_0066_0012_0021_0063.jpg 1 66 12 21 63
0657_0018_0058_0027_0082.jpg 1 18 58 27 82
0658_0041_0050_0030_0092.jpg 1 41 50 30 92
0659_0057_0021_0031_0094.jpg 1 57 21 31 94
0660_0083_0037_0013_0039.jpg 1 83 37 13 39
0661_0097_0010_0020_0062.jpg 1 97 10 20 62
0662_0046_0042_0031_0094.jpg 1 46 42 31 94
0663_0039_0011_0029_0088.jpg 1 39 11 29 88
0664_0017_0033_0030_0091.jpg 1 17 33 30 91
0665_0097_0040_0016_0050.jpg 1 97 40 16 50
0666_0074_0011_0022_0068.jpg 1 74 11 22 68
0667_0020_0048_0028_0086.jpg 1 20 48 28 86
0668_0043_0043_0014_0043.jpg 1 43 43 14 43
0669_0035_0072_0018_0054.jpg 1 35 72 18 54
0670_0029_0050_0021_0064.jpg 1 29 50 21 64
0671_0027_0021_0020_0062.jpg 1 27 21 20 62
0672_0046_0054_0015_0046.jpg 1 46 54 15 46
0673_0088_0042_0017_0053.jpg 1 88 42 17 53
0674_0083_0052_0017_0053.jpg 1 83 52 17 53
0675_0105_0065_0025_0077.jpg 1 105 65 25 77
0676_0062_0026_0020_0060.jpg 1 62 26 20 60
0677_0053_0079_0013_0040.jpg 1 53 79 13 40
0678_0104_0027_0033_0100.jpg 1 104 27 33 100
0679_0029_0032_0027_0083.jpg 1 29 32 27 83
0680_0053_0042_0015_0045.jpg 1 53 42 15 45
0681_0062_0013_0028_0086.jpg 1 62 13 28 86
0682_0068_0055_0027_0083.jpg 1 68 55 27 83
0683_0070_0062_0022_0066.jpg 1 70 62 22 66
0684_0052_0046_0026_0079.jpg 1 52 46 26 79
0685_0035_0090_0016_0048.jpg 1 35 90 16 48
0686_0079_0027_0034_0102.jpg 1 79 27 34 102
0687_0054_0074_0022_0066.jpg 1 54 74 22 66
0688_0118_0038_0017_0051.jpg 1 118 38 17 51
0689_0032_0022_0026_0079.jpg 1 32 22 26 79
0690_0063_0059_0012_0036.jpg 1 63 59 12 36
0691_0019_0040_0023_0071.jpg 1 19 40 23 71
0692_0080_0076_0021_0063.jpg 1 80 76 21 63
0693_0045_0035_0010_0032.jpg 1 45 35 10 32
0694_0078_0032_0030_0091.jpg 1 78 32 30 91
0695_0096_0022_0033_0101.jpg 1 96 22 33 101
0696_0054_0012_0017_0052.jpg 1 54 12 17 52
0697_0104_0083_0013_0039.jpg 1 104 83 13 39
0698_0018_0085_0018_0054.jpg 1 18 85 18 54
0699_0071_0054_0024_0074.jpg 1 71 54 24 74
0700_0108_0060_0022_0067.jpg 1 108 60 22 67
0701_0016_0042_0028_0085.jpg 1 16 42 28 85
0702_0111_0070_0020_0060.jpg 1 111 70 20 60
0703_0025_0021_0011_0033.jpg 1 25 21 11 33
0704_0064_0055_0025_0075.jpg 1 64 55 25 75
0705_0107_0021_0016_0048.jpg 1 107 21 16 48
0706_0041_0014_0014_0042.jpg 1 41 14 14 42
0707_0066_0039_0033_0100.jpg 1 66 39 33 100
0708_0015_0035_0018_0055.jpg 1 15 35 18 55
0709_0054_0058_0015_0046.jpg 1 54 58 15 46
0710_0104_0079_0014_0043.jpg 1 104 79 14 43
0711_0048_0009_0023_0070.jpg 1 48 9 23 70
0712_0050_0046_0030_0092.jpg 1 50 46 30 92
0713_0075_0034_0028_0085.jpg 1 75 34 28 85
0714_0067_0056_0020_0060.jpg 1 67 56 20 60
0715_0065_0016_0016_0049.jpg 1 65 16 16 49
0716_0061_0046_0026_0079.jpg 1 61 46 26 79
0717_0054_0033_0034_0103.jpg 1 54 33 34 103
0718_0089_0082_0017_0052.jpg 1 89 82 17 52
0719_0035_0024_0014_0042.jpg 1 35 24 14 42
0720_0090_0021_0032_0096.jpg 1 90 21 32 96
0721_0079_0054_0019_0058.jpg 1 79 54 19 58
0722_0053_0070_0019_0059.jpg 1 53 70 19 59
0723_0048_0079_0019_0059.jpg 1 48 79 19 59
0724_0098_0017_0033_0099.jpg 1 98 17 33 99
0725_0023_0005_0032_0097.jpg 1 23 5 32 97
0726_0072_0022_0032_0096.jpg 1 72 22 32 96
0727_0039_0048_0027_0083.jpg 1 39 48 27 83
0728_0048_0049_0031_0095.jpg 1 48 49 31 95
0729_0025_0033_0022_0066.jpg 1 25 33 22 66
0730_0116_0070_0015_0047.jpg 1 116 70 15 47
0731_0079_0059_0016_0050.jpg 1 79 59 16 50
0732_0021_0045_0031_0094.jpg 1 21 45 31 94
0733_0034_0072_0020_0061.jpg 1 34 72 20 61
0734_0035_0046_0012_0036.jpg 1 35 46 12 36
0735_0032_0068_0016_0048.jpg 1 32 68 16 48
0736_0119_0017_0015_0045.jpg 1 119 17 15 45
0737_0028_0070_0023_0070.jpg 1 28 70 23 70
0738_0046_0037_0031_0095.jpg 1 46 37 31 95
0739_0046_0011_0033_0100.jpg 1 46 11 33 100
0740_0067_0029_0033_0101.jpg 1 67 29 33 101
0741_0064_0041_0026_0078.jpg 1 64 41 26 78
0742_0071_0025_0014_0043.jpg 1 71 25 14 43
0743_0112_0034_0021_0065.jpg 1 112 34 21 65
0744_0048_0042_0028_0084.jpg 1 48 42 28 84
0745_0053_0036_0031_0094.jpg 1 53 36 31 94
0746_0025_0009_0025_0075.jpg 1 25 9 25 75
0747_0020_0026_0033_0100.jpg 1 20 26 33 100
0748_0074_0020_0033_0101.jpg 1 74 20 33 101
0749_0016_0059_0022_0066.jpg 1 16 59 22 66
0750_0053_0072_0016_0048.jpg 1 53 72 16 48
0751_0078_0018_0028_0086.jpg 1 78 18 28 86
0752_0083_0075_0012_0037.jpg 1 83 75 12 37
0753_0066_0038_0025_0077.jpg 1 66 38 25 77
0754_0104_0043_0010_0030.jpg 1 104 43 10 30
0755_0018_0036_0014_0042.jpg 1 18 36 14 42
0756_0025_0058_0021_0063.jpg 1 25 58 21 63
0757_0067_0035_0025_0076.jpg 1 67 35 25 76
0758_0081_0065_0015_0046.jpg 1 81 65 15 46
0759_0023_0017_0022_0068.jpg 1 23 17 22 68
0760_0062_0040_0011_0033.jpg 1 62 40 11 33
0761_0102_0060_0011_0035.jpg 1 102 60 11 35
0762_0016_0067_0015_0047.jpg 1 16 67 15 47
0763_0045_0011_0027_0081.jpg 1 45 11 27 81
0764_0057_0032_0022_0067.jpg 1 57 32 22 67
0765_0040_0020_0033_0099.jpg 1 40 20 33 99
0766_0089_0020_0028_0085.jpg 1 89 20 28 85
0767_0049_0031_0017_0053.jpg 1 49 31 17 53
0768_0062_0027_0029_0088.jpg 1 62 27 29 88
0769_0100_0040_0034_0103.jpg 1 100 40 34 103
0770_0093_0054_0017_0053.jpg 1 93 54 17 53
0771_0029_0025_0032_0098.jpg 1 29 25 32 98
0772_0073_0049_0028_0084.jpg 1 73 49 28 84
0773_0104_0014_0029_0088.jpg 1 104 14 29 88
0774_0114_0025_0013_0041.jpg 1 114 25 13 41
0775_0064_0054_0020_0061.jpg 1 64 54 20 61
0776_0015_0038_0012_0038.jpg 1 15 38 12 38
0777_0041_0008_0028_0086.jpg 1 41 8 28 86
0778_0076_0010_0025_0075.jpg 1 76 10 25 75
0779_0018_0090_0012_0038.jpg 1 18 90 12 38
0780_0051_0079_0019_0058.jpg 1 51 79 19 58
0781_0025_0018_0033_0100.jpg 1 25 18 33 100
0782_0040_0050_0013_0041.jpg 1 40 50 13 41
0783_0049_0022_0024_0072.jpg 1 49 22 24 72
0784_0026_0050_0019_0057.jpg 1 26 50 19 57
0785_0038_0072_0019_0058.jpg 1 38 72 19 58
0786_0022_0038_0033_0099.jpg 1 22 38 33 99
0787_0085_0014_0032_0097.jpg 1 85 14 32 97
0788_0082_0015_0010_0032.jpg 1 82 15 10 32
0789_0096_0007_0034_0102.jpg 1 96 7 34 102
0790_0045_0009_0023_0070.jpg 1 45 9 23 70
0791_0108_0021_0021_0063.jpg 1 108 21 21 63
0792_0033_0029_0017_0052.jpg 1 33 29 17 52
0793_0095_0052_0024_0073.jpg 1 95 52 24 73
0794_0036_0019_0021_0065.jpg 1 36 19 21 65
0795_0027_0008_0034_0103.jpg 1 27 8 34 103
0796_0021_0045_0027_0083.jpg 1 21 45 27 83
0797_0016_0056_0028_0086.jpg 1 16 56 28 86
0798_0095_0050_0017_0052.jpg 1 95 50 17 52
0799_0043_0027_0026_0078.jpg 1 43 27 26 78
0800_0100_0058_0015_0047.jpg 1 100 58 15 47
0801_0057_0033_0018_0056.jpg 1 57 33 18 56
0802_0108_0014_0025_0076.jpg 1 108 14 25 76
0803_0073_0057_0026_0078.jpg 1 73 57 26 78
0804_0039_0048_0020_0060.jpg 1 39 48 20 60
0805_0048_0082_0018_0054.jpg 1 48 82 18 54
0806_0100_0029_0033_0100.jpg 1 100 29 33 100
0807_0095_0040_0017_0052.jpg 1 95 40 17 52
0808_0034_0055_0023_0069.jpg 1 34 55 23 69
0809_0017_0050_0015_0045.jpg 1 17 50 15 45
0810_0087_0037_0021_0065.jpg 1 87 37 21 65
0811_0028_0034_0030_0092.jpg 1 28 34 30 92
0812_0067_0041_0030_0092.jpg 1 67 41 30 92
0813_0075_0047_0030_0092.jpg 1 75 47 30 92
0814_0065_0020_0025_0075.jpg 1 65 20 25 75
0815_0038_0031_0019_0059.jpg 1 38 31 19 59
0816_0105_0050_0020_0060.jpg 1 105 50 20 60
0817_0078_0043_0032_0096.jpg 1 78 43 32 96
0818_0047_0106_0010_0030.jpg 1 47 106 10 30
0819_0019_0027_0024_0072.jpg 1 19 27 24 72
0820_0045_0005_0034_0103.jpg 1 45 5 34 103
0821_0045_0009_0032_0097.jpg 1 45 9 32 97
0822_0115_0017_0019_0057.jpg 1 115 17 19 57
0823_0030_0034_0010_0031.jpg 1 30 34 10 31
0824_0084_0047_0026_0079.jpg 1 84 47 26 79
0825_0099_0056_0024_0072.jpg 1 99 56 24 72
0826_0013_0024_0019_0058.jpg 1 13 24 19 58
0827_0021_0010_0032_0097.jpg 1 21 10 32 97
0828_0017_0078_0020_0060.jpg 1 17 78 20 60
0829_0053_0033_0031_0094.jpg 1 53 33 31 94
0830_0103_0095_0010_0031.jpg 1 103 95 10 31
0831_0105_0065_0019_0059.jpg 1 105 65 19 59
0832_0053_0034_0033_0100.jpg 1 53 34 33 100
0833_0071_0037_0027_0083.jpg 1 71 37 27 83
0834_0056_0019_0013_0039.jpg 1 56 19 13 39
0835_0023_0039_0015_0046.jpg 1 23 39 15 46
0836_0048_0041_0012_0037.jpg 1 48 41 12 37
0837_0094_0054_0023_0071.jpg 1 94 54 23 71
0838_0015_0020_0031_0095.jpg 1 15 20 31 95
0839_0051_0023_0028_0085.jpg 1 51 23 28 85
0840_0050_0089_0013_0041.jpg 1 50 89 13 41
0841_0107_0015_0014_0042.jpg 1 107 15 14 42
0842_0090_0027_0034_0102.jpg 1 90 27 34 102
0843_0072_0023_0029_0089.jpg 1 72 23 29 89
0844_0068_0027_0032_0098.jpg 1 68 27 32 98
0845_0017_0060_0026_0079.jpg 1 17 60 26 79
0846_0018_0047_0018_0056.jpg 1 18 47 18 56
0847_0026_0032_0033_0101.jpg 1 26 32 33 101
0848_0063_0013_0033_0099.jpg 1 63 13 33 99
0849_0104_0010_0023_0069.jpg 1 104 10 23 69
0850_0036_0041_0020_0062.jpg 1 36 41 20 62
0851_0091_0082_0013_0039.jpg 1 91 82 13 39
0852_0073_0059_0024_0072.jpg 1 73 59 24 72
0853_0030_0019_0022_0066.jpg 1 30 19 22 66
0854_0103_0049_0023_0069.jpg 1 103 49 23 69
0855_0104_0070_0010_0030.jpg 1 104 70 10 30
0856_0041_0018_0012_0037.jpg 1 41 18 12 37
0857_0059_0041_0025_0075.jpg 1 59 41 25 75
0858_0105_0039_0011_0035.jpg 1 105 39 11 35
0859_0034_0044_0032_0096.jpg 1 34 44 32 96
0860_0076_0026_0012_0038.jpg 1 76 26 12 38
0861_0021_0014_0012_0037.jpg 1 21 14 12 37
0862_0094_0019_0031_0094.jpg 1 94 19 31 94
0863_0090_0076_0014_0042.jpg 1 90 76 14 42
0864_0070_0020_0024_0073.jpg 1 70 20 24 73
0865_0091_0023_0018_0056.jpg 1 91 23 18 56
0866_0081_0021_0033_0100.jpg 1 81 21 33 100
0867_0091_0038_0030_0091.jpg 1 91 38 30 91
0868_0110_0030_0018_0054.jpg 1 110 30 18 54
0869_0068_0030_0032_0096.jpg 1 68 30 32 96
0870_0108_0090_0014_0043.jpg 1 108 90 14 43
0871_0047_0028_0033_0099.jpg 1 47 28 33 99
0872_0094_0077_0020_0062.jpg 1 94 77 20 62
0873_0055_0018_0016_0048.jpg 1 55 18 16 48
0874_0054_0010_0034_0102.jpg 1 54 10 34 102
0875_0068_0009_0020_0061.jpg 1 68 9 20 61
0876_0031_0026_0029_0087.jpg 1 31 26 29 87
0877_0037_0038_0019_0057.jpg 1 37 38 19 57
0878_0053_0060_0014_0044.jpg 1 53 60 14 44
0879_0056_0027_0032_0096.jpg 1 56 27 32 96
0880_0058_0030_0021_0064.jpg 1 58 30 21 64
0881_0071_0068_0017_0053.jpg 1 71 68 17 53
0882_0085_0042_0029_0089.jpg 1 85 42 29 89
0883_0074_0068_0020_0060.jpg 1 74 68 20 60
0884_0094_0064_0023_0070.jpg 1 94 64 23 70
0885_0087_0013_0033_0101.jpg 1 87 13 33 101
0886_0050_0009_0025_0077.jpg 1 50 9 25 77
0887_0072_0013_0028_0086.jpg 1 72 13 28 86
0888_0058_0050_0028_0085.jpg 1 58 50 28 85
0889_0034_0032_0026_0078.jpg 1 34 32 26 78
0890_0093_0026_0031_0095.jpg 1 93 26 31 95
0891_0072_0027_0015_0047.jpg 1 72 27 15 47
0892_0055_0039_0034_0104.jpg 1 55 39 34 104
0893_0016_0021_0021_0065.jpg 1 16 21 21 65
0894_0091_0076_0020_0060.jpg 1 91 76 20 60
0895_0104_0014_0026_0079.jpg 1 104 14 26 79
0896_0102_0029_0023_0071.jpg 1 102 29 23 71
0897_0088_0036_0034_0104.jpg 1 88 36 34 104
0898_0029_0056_0018_0054.jpg 1 29 56 18 54
0899_0030_0012_0017_0051.jpg 1 30 12 17 51
0900_0089_0031_0027_0081.jpg 1 89 31 27 81
0901_0041_0055_0010_0031.jpg 1 41 55 10 31
0902_0061_0081_0013_0040.jpg 1 61 81 13 40
0903_0058_0060_0018_0056.jpg 1 58 60 18 56
0904_0022_0008_0034_0103.jpg 1 22 8 34 103
0905_0032_0094_0010_0031.jpg 1 32 94 10 31
0906_0022_0054_0025_0076.jpg 1 22 54 25 76
0907_0015_0030_0014_0043.jpg 1 15 30 14 43
0908_0052_0098_0010_0032.jpg 1 52 98 10 32
0909_0071_0072_0021_0063.jpg 1 71 72 21 63
0910_0050_0029_0028_0084.jpg 1 50 29 28 84
0911_0050_0017_0031_0095.jpg 1 50 17 31 95
0912_0082_0006_0033_0101.jpg 1 82 6 33 101
0913_0090_0023_0024_0073.jpg 1 90 23 24 73
0914_0055_0039_0019_0059.jpg 1 55 39 19 59
0915_0025_0048_0019_0059.jpg 1 25 48 19 59
0916_0069_0049_0031_0094.jpg 1 69 49 31 94
0917_0027_0030_0020_0060.jpg 1 27 30 20 60
0918_0031_0012_0023_0071.jpg 1 31 12 23 71
0919_0110_0079_0014_0044.jpg 1 110 79 14 44
0920_0040_0071_0010_0032.jpg 1 40 71 10 32
0921_0057_0027_0014_0042.jpg 1 57 27 14 42
0922_0073_0070_0014_0044.jpg 1 73 70 14 44
0923_0067_0039_0028_0086.jpg 1 67 39 28 86
0924_0107_0022_0017_0053.jpg 1 107 22 17 53
0925_0054_0023_0014_0042.jpg 1 54 23 14 42
0926_0066_0027_0032_0097.jpg 1 66 27 32 97
0927_0046_0019_0014_0043.jpg 1 46 19 14 43
0928_0112_0037_0020_0062.jpg 1 112 37 20 62
0929_0064_0016_0024_0072.jpg 1 64 16 24 72
0930_0113_0064_0021_0064.jpg 1 113 64 21 64
0931_0088_0082_0011_0034.jpg 1 88 82 11 34
0932_0098_0038_0032_0098.jpg 1 98 38 32 98
0933_0025_0077_0015_0045.jpg 1 25 77 15 45
0934_0017_0043_0033_0099.jpg 1 17 43 33 99
0935_0070_0044_0032_0098.jpg 1 70 44 32 98
0936_0065_0046_0024_0074.jpg 1 65 46 24 74
0937_0069_0029_0019_0057.jpg 1 69 29 19 57
0938_0052_0011_0030_0091.jpg 1 52 11 30 91
0939_0023_0009_0018_0056.jpg 1 23 9 18 56
0940_0050_0035_0022_0067.jpg 1 50 35 22 67
0941_0027_0027_0030_0091.jpg 1 27 27 30 91
0942_0026_0019_0032_0096.jpg 1 26 19 32 96
0943_0079_0043_0029_0088.jpg 1 79 43 29 88
0944_0093_0031_0014_0042.jpg 1 93 31 14 42
0945_0084_0086_0010_0030.jpg 1 84 86 10 30
0946_0089_0008_0024_0073.jpg 1 89 8 24 73
0947_0082_0095_0011_0033.jpg 1 82 95 11 33
0948_0027_0054_0022_0067.jpg 1 27 54 22 67
0949_0042_0013_0032_0096.jpg 1 42 13 32 96
0950_0045_0056_0016_0048.jpg 1 45 56 16 48
0951_0082_0025_0027_0083.jpg 1 82 25 27 83
0952_0071_0030_0028_0084.jpg 1 71 30 28 84
0953_0107_0036_0019_0057.jpg 1 107 36 19 57
0954_0095_0030_0023_0070.jpg 1 95 30 23 70
0955_0105_0035_0017_0052.jpg 1 105 35 17 52
0956_0119_0105_0010_0031.jpg 1 119 105 10 31
0957_0074_0019_0033_0101.jpg 1 74 19 33 101
0958_0075_0036_0028_0084.jpg 1 75 36 28 84
0959_0070_0035_0020_0062.jpg 1 70 35 20 62
0960_0027_0017_0011_0034.jpg 1 27 17 11 34
0961_0094_0015_0028_0085.jpg 1 94 15 28 85
0962_0074_0016_0028_0085.jpg 1 74 16 28 85
0963_0028_0018_0023_0069.jpg 1 28 18 23 69
0964_0057_0058_0016_0049.jpg 1 57 58 16 49
0965_0108_0070_0011_0033.jpg 1 108 70 11 33
0966_0065_0034_0029_0089.jpg 1 65 34 29 89
0967_0060_0047_0030_0090.jpg 1 60 47 30 90
0968_0014_0027_0030_0090.jpg 1 14 27 30 90
0969_0106_0063_0020_0060.jpg 1 106 63 20 60
0970_0090_0036_0034_0102.jpg 1 90 36 34 102
0971_0046_0030_0021_0063.jpg 1 46 30 21 63
0972_0108_0059_0014_0044.jpg 1 108 59 14 44
0973_0024_0085_0014_0044.jpg 1 24 85 14 44
0974_0088_0044_0027_0082.jpg 1 88 44 27 82
0975_0075_0039_0031_0095.jpg 1 75 39 31 95
0976_0027_0011_0014_0044.jpg 1 27 11 14 44
0977_0102_0043_0025_0076.jpg 1 102 43 25 76
0978_0052_0069_0022_0066.jpg 1 52 69 22 66
0979_0071_0046_0022_0068.jpg 1 71 46 22 68
0980_0074_0076_0020_0062.jpg 1 74 76 20 62
0981_0087_0053_0012_0037.jpg 1 87 53 12 37
0982_0051_0014_0018_0054.jpg 1 51 14 18 54
0983_0048_0081_0012_0037.jpg 1 48 81 12 37
0984_0096_0058_0011_0035.jpg 1 96 58 11 35
0985_0053_0055_0028_0085.jpg 1 53 55 28 85
0986_0121_0023_0010_0032.jpg 1 121 23 10 32
0987_0017_0052_0020_0061.jpg 1 17 52 20 61
0988_0033_0015_0027_0081.jpg 1 33 15 27 81
0989_0059_0088_0011_0034.jpg 1 59 88 11 34
0990_0063_0023_0021_0063.jpg 1 63 23 21 63
0991_0111_0011_0019_0058.jpg 1 111 11 19 58
0992_0061_0041_0023_0069.jpg 1 61 41 23 69
0993_0032_0043_0022_0066.jpg 1 32 43 22 66
0994_0055_0054_0022_0067.jpg 1 55 54 22 67
0995_0033_0049_0029_0088.jpg 1 33 49 29 88
0996_0047_0023_0026_0079.jpg 1 47 23 26 79
0997_0109_0020_0028_0085.jpg 1 109 20 28 85
0998_0072_0023_0023_0069.jpg 1 72 23 23 69
0999_0116_0058_0018_0054.jpg 1 116 58 18 54
1000_0036_0021_0017_0052.jpg 1 36 21 17 52
1001_0060_0083_0018_0054.jpg 1 60 83 18 54
1002_0066_0034_0027_0081.jpg 1 66 34 27 81
1003_0070_0013_0031_0095.jpg 1 70 13 31 95
1004_0021_0034_0018_0054.jpg 1 21 34 18 54
1005_0109_0019_0011_0034.jpg 1 109 19 11 34
1006_0103_0018_0031_0094.jpg 1 103 18 31 94
1007_0043_0039_0029_0089.jpg 1 43 39 29 89
1008_0031_0010_0024_0072.jpg 1 31 10 24 72
1009_0064_0010_0025_0076.jpg 1 64 10 25 76
1010_0030_0054_0024_0073.jpg 1 30 54 24 73
1011_0066_0016_0030_0091.jpg 1 66 16 30 91
1012_0067_0008_0031_0093.jpg 1 67 8 31 93
1013_0092_0016_0031_0095.jpg 1 92 16 31 95
1014_0022_0047_0028_0085.jpg 1 22 47 28 85
1015_0074_0023_0019_0057.jpg 1 74 23 19 57
1016_0056_0015_0027_0081.jpg 1 56 15 27 81
1017_0118_0035_0016_0050.jpg 1 118 35 16 50
1018_0102_0031_0034_0102.jpg 1 102 31 34 102
1019_0093_0053_0024_0072.jpg 1 93 53 24 72
1020_0079_0092_0015_0045.jpg 1 79 92 15 45
1021_0046_0050_0027_0081.jpg 1 46 50 27 81
1022_0099_0015_0012_0038.jpg 1 99 15 12 38
1023_0092_0014_0033_0101.jpg 1 92 14 33 101
1024_0097_0040_0022_0068.jpg 1 97 40 22 68
1025_0092_0007_0034_0102.jpg 1 92 7 34 102
1026_0018_0030_0029_0089.jpg 1 18 30 29 89
1027_0019_0075_0018_0055.jpg 1 19 75 18 55
1028_0073_0103_0010_0032.jpg 1 73 103 10 32
1029_0057_0047_0025_0076.jpg 1 57 47 25 76
1030_0029_0033_0032_0096.jpg 1 29 33 32 96
1031_0052_0005_0031_0093.jpg 1 52 5 31 93
1032_0030_0033_0018_0055.jpg 1 30 33 18 55
1033_0104_0023_0018_0054.jpg 1 104 23 18 54
1034_0018_0041_0031_0094.jpg 1 18 41 31 94
1035_0075_0015_0017_0053.jpg 1 75 15 17 53
1036_0082_0042_0023_0069.jpg 1 82 42 23 69
1037_0025_0007_0034_0103.jpg 1 25 7 34 103
1038_0047_0058_0010_0032.jpg 1 47 58 10 32
1039_0065_0038_0031_0093.jpg 1 65 38 31 93
1040_0098_0043_0027_0081.jpg 1 98 43 27 81
